<?xml version="1.0" encoding="UTF-8"?>
<!-- Generated by org.testng.reporters.JUnitXMLReporter -->
<testsuite ignored="2" hostname="DESKTOP-3BKRARD" failures="0" tests="7" name="Test" time="6.159" errors="0" timestamp="2023-03-23T15:45:15 IST">
  <testcase classname="regression.InventoryCategoryTest" name="@BeforeClass beforeClassOfA" time="3.641">
    <failure type="org.openqa.selenium.WebDriverException" message="unknown error: net::ERR_NAME_NOT_RESOLVED
  (Session info: chrome=111.0.5563.111)
Build info: version: &amp;apos;3.141.59&amp;apos;, revision: &amp;apos;e82be7d358&amp;apos;, time: &amp;apos;2018-11-14T08:17:03&amp;apos;
System info: host: &amp;apos;DESKTOP-3BKRARD&amp;apos;, ip: &amp;apos;192.168.0.109&amp;apos;, os.name: &amp;apos;Windows 10&amp;apos;, os.arch: &amp;apos;amd64&amp;apos;, os.version: &amp;apos;10.0&amp;apos;, java.version: &amp;apos;17.0.6&amp;apos;
Driver info: org.openqa.selenium.chrome.ChromeDriver
Capabilities {acceptInsecureCerts: false, browserName: chrome, browserVersion: 111.0.5563.111, chrome: {chromedriverVersion: 111.0.5563.64 (c710e93d5b63..., userDataDir: C:\Users\Admin\AppData\Loca...}, goog:chromeOptions: {debuggerAddress: localhost:55743}, javascriptEnabled: true, networkConnectionEnabled: false, pageLoadStrategy: normal, platform: WINDOWS, platformName: WINDOWS, proxy: Proxy(), setWindowRect: true, strictFileInteractability: false, timeouts: {implicit: 0, pageLoad: 300000, script: 30000}, unhandledPromptBehavior: dismiss and notify, webauthn:extension:credBlob: true, webauthn:extension:largeBlob: true, webauthn:extension:minPinLength: true, webauthn:extension:prf: true, webauthn:virtualAuthenticators: true}
Session ID: 7c1a4926fb1d85214131e5003e065945">
      <![CDATA[org.openqa.selenium.WebDriverException: unknown error: net::ERR_NAME_NOT_RESOLVED
  (Session info: chrome=111.0.5563.111)
Build info: version: '3.141.59', revision: 'e82be7d358', time: '2018-11-14T08:17:03'
System info: host: 'DESKTOP-3BKRARD', ip: '192.168.0.109', os.name: 'Windows 10', os.arch: 'amd64', os.version: '10.0', java.version: '17.0.6'
Driver info: org.openqa.selenium.chrome.ChromeDriver
Capabilities {acceptInsecureCerts: false, browserName: chrome, browserVersion: 111.0.5563.111, chrome: {chromedriverVersion: 111.0.5563.64 (c710e93d5b63..., userDataDir: C:\Users\Admin\AppData\Loca...}, goog:chromeOptions: {debuggerAddress: localhost:55743}, javascriptEnabled: true, networkConnectionEnabled: false, pageLoadStrategy: normal, platform: WINDOWS, platformName: WINDOWS, proxy: Proxy(), setWindowRect: true, strictFileInteractability: false, timeouts: {implicit: 0, pageLoad: 300000, script: 30000}, unhandledPromptBehavior: dismiss and notify, webauthn:extension:credBlob: true, webauthn:extension:largeBlob: true, webauthn:extension:minPinLength: true, webauthn:extension:prf: true, webauthn:virtualAuthenticators: true}
Session ID: 7c1a4926fb1d85214131e5003e065945
at org.openqa.selenium.remote.http.W3CHttpResponseCodec.createException(W3CHttpResponseCodec.java:187)
at org.openqa.selenium.remote.http.W3CHttpResponseCodec.decode(W3CHttpResponseCodec.java:122)
at org.openqa.selenium.remote.http.W3CHttpResponseCodec.decode(W3CHttpResponseCodec.java:49)
at org.openqa.selenium.remote.HttpCommandExecutor.execute(HttpCommandExecutor.java:158)
at org.openqa.selenium.remote.service.DriverCommandExecutor.execute(DriverCommandExecutor.java:83)
at org.openqa.selenium.remote.RemoteWebDriver.execute(RemoteWebDriver.java:552)
at org.openqa.selenium.remote.RemoteWebDriver.get(RemoteWebDriver.java:277)
at regression.InventoryCategoryTest.beforeClassOfA(InventoryCategoryTest.java:26)
at java.base/java.util.ArrayList.forEach(ArrayList.java:1511)
... Removed 30 stack frames]]>
    </failure>
  </testcase> <!-- @BeforeClass beforeClassOfA -->
  <testcase classname="com.uiFramework.KTCTC.testbase.TestBase" name="@BeforeMethod beforeMethod" time="-1.679566513176E9">
    <skipped/>
  </testcase> <!-- @BeforeMethod beforeMethod -->
  <testcase classname="com.uiFramework.KTCTC.testbase.TestBase" name="@AfterMethod afterMethod" time="-1.67956651319E9">
    <skipped/>
  </testcase> <!-- @AfterMethod afterMethod -->
  <testcase classname="com.uiFramework.KTCTC.testbase.TestBase" name="@BeforeMethod beforeMethod" time="-1.679566513198E9">
    <skipped/>
  </testcase> <!-- @BeforeMethod beforeMethod -->
  <testcase classname="com.uiFramework.KTCTC.testbase.TestBase" name="@AfterMethod afterMethod" time="-1.67956651322E9">
    <skipped/>
  </testcase> <!-- @AfterMethod afterMethod -->
  <testcase classname="com.uiFramework.KTCTC.testbase.TestBase" name="@BeforeMethod beforeMethod" time="-1.679566513226E9">
    <skipped/>
  </testcase> <!-- @BeforeMethod beforeMethod -->
  <testcase classname="com.uiFramework.KTCTC.testbase.TestBase" name="@AfterMethod afterMethod" time="-1.679566513246E9">
    <skipped/>
  </testcase> <!-- @AfterMethod afterMethod -->
  <testcase classname="com.uiFramework.KTCTC.testbase.TestBase" name="@BeforeMethod beforeMethod" time="-1.679566513252E9">
    <skipped/>
  </testcase> <!-- @BeforeMethod beforeMethod -->
  <testcase classname="com.uiFramework.KTCTC.testbase.TestBase" name="@AfterMethod afterMethod" time="-1.679566513278E9">
    <skipped/>
  </testcase> <!-- @AfterMethod afterMethod -->
  <testcase classname="com.uiFramework.KTCTC.testbase.TestBase" name="@BeforeMethod beforeMethod" time="-1.679566513285E9">
    <skipped/>
  </testcase> <!-- @BeforeMethod beforeMethod -->
  <testcase classname="com.uiFramework.KTCTC.testbase.TestBase" name="@AfterMethod afterMethod" time="-1.679566513306E9">
    <skipped/>
  </testcase> <!-- @AfterMethod afterMethod -->
  <testcase classname="com.uiFramework.KTCTC.testbase.TestBase" name="@BeforeMethod beforeMethod" time="-1.679566513319E9">
    <skipped/>
  </testcase> <!-- @BeforeMethod beforeMethod -->
  <testcase classname="com.uiFramework.KTCTC.testbase.TestBase" name="@AfterMethod afterMethod" time="-1.679566513337E9">
    <skipped/>
  </testcase> <!-- @AfterMethod afterMethod -->
  <testcase classname="com.uiFramework.KTCTC.testbase.TestBase" name="@AfterClass afterClass" time="-1.679566513343E9">
    <skipped/>
  </testcase> <!-- @AfterClass afterClass -->
  <testcase classname="regression.InventoryProductsTest" name="@BeforeClass beforeClassOfA" time="2.228">
    <failure type="org.openqa.selenium.WebDriverException" message="unknown error: net::ERR_NAME_NOT_RESOLVED
  (Session info: chrome=111.0.5563.111)
Build info: version: &amp;apos;3.141.59&amp;apos;, revision: &amp;apos;e82be7d358&amp;apos;, time: &amp;apos;2018-11-14T08:17:03&amp;apos;
System info: host: &amp;apos;DESKTOP-3BKRARD&amp;apos;, ip: &amp;apos;192.168.0.109&amp;apos;, os.name: &amp;apos;Windows 10&amp;apos;, os.arch: &amp;apos;amd64&amp;apos;, os.version: &amp;apos;10.0&amp;apos;, java.version: &amp;apos;17.0.6&amp;apos;
Driver info: org.openqa.selenium.chrome.ChromeDriver
Capabilities {acceptInsecureCerts: false, browserName: chrome, browserVersion: 111.0.5563.111, chrome: {chromedriverVersion: 111.0.5563.64 (c710e93d5b63..., userDataDir: C:\Users\Admin\AppData\Loca...}, goog:chromeOptions: {debuggerAddress: localhost:55756}, javascriptEnabled: true, networkConnectionEnabled: false, pageLoadStrategy: normal, platform: WINDOWS, platformName: WINDOWS, proxy: Proxy(), setWindowRect: true, strictFileInteractability: false, timeouts: {implicit: 0, pageLoad: 300000, script: 30000}, unhandledPromptBehavior: dismiss and notify, webauthn:extension:credBlob: true, webauthn:extension:largeBlob: true, webauthn:extension:minPinLength: true, webauthn:extension:prf: true, webauthn:virtualAuthenticators: true}
Session ID: 1b17cda8f24ec0dae620814655b73377">
      <![CDATA[org.openqa.selenium.WebDriverException: unknown error: net::ERR_NAME_NOT_RESOLVED
  (Session info: chrome=111.0.5563.111)
Build info: version: '3.141.59', revision: 'e82be7d358', time: '2018-11-14T08:17:03'
System info: host: 'DESKTOP-3BKRARD', ip: '192.168.0.109', os.name: 'Windows 10', os.arch: 'amd64', os.version: '10.0', java.version: '17.0.6'
Driver info: org.openqa.selenium.chrome.ChromeDriver
Capabilities {acceptInsecureCerts: false, browserName: chrome, browserVersion: 111.0.5563.111, chrome: {chromedriverVersion: 111.0.5563.64 (c710e93d5b63..., userDataDir: C:\Users\Admin\AppData\Loca...}, goog:chromeOptions: {debuggerAddress: localhost:55756}, javascriptEnabled: true, networkConnectionEnabled: false, pageLoadStrategy: normal, platform: WINDOWS, platformName: WINDOWS, proxy: Proxy(), setWindowRect: true, strictFileInteractability: false, timeouts: {implicit: 0, pageLoad: 300000, script: 30000}, unhandledPromptBehavior: dismiss and notify, webauthn:extension:credBlob: true, webauthn:extension:largeBlob: true, webauthn:extension:minPinLength: true, webauthn:extension:prf: true, webauthn:virtualAuthenticators: true}
Session ID: 1b17cda8f24ec0dae620814655b73377
at org.openqa.selenium.remote.http.W3CHttpResponseCodec.createException(W3CHttpResponseCodec.java:187)
at org.openqa.selenium.remote.http.W3CHttpResponseCodec.decode(W3CHttpResponseCodec.java:122)
at org.openqa.selenium.remote.http.W3CHttpResponseCodec.decode(W3CHttpResponseCodec.java:49)
at org.openqa.selenium.remote.HttpCommandExecutor.execute(HttpCommandExecutor.java:158)
at org.openqa.selenium.remote.service.DriverCommandExecutor.execute(DriverCommandExecutor.java:83)
at org.openqa.selenium.remote.RemoteWebDriver.execute(RemoteWebDriver.java:552)
at org.openqa.selenium.remote.RemoteWebDriver.get(RemoteWebDriver.java:277)
at regression.InventoryProductsTest.beforeClassOfA(InventoryProductsTest.java:22)
at java.base/java.util.ArrayList.forEach(ArrayList.java:1511)
... Removed 30 stack frames]]>
    </failure>
  </testcase> <!-- @BeforeClass beforeClassOfA -->
  <testcase classname="com.uiFramework.KTCTC.testbase.TestBase" name="@BeforeMethod beforeMethod" time="-1.679566515583E9">
    <skipped/>
  </testcase> <!-- @BeforeMethod beforeMethod -->
  <testcase classname="com.uiFramework.KTCTC.testbase.TestBase" name="@AfterMethod afterMethod" time="-1.679566515589E9">
    <skipped/>
  </testcase> <!-- @AfterMethod afterMethod -->
  <testcase classname="com.uiFramework.KTCTC.testbase.TestBase" name="@AfterClass afterClass" time="-1.67956651559E9">
    <skipped/>
  </testcase> <!-- @AfterClass afterClass -->
  <testcase classname="regression.InventoryCategoryTest" name="verifyUserCanAddNewCategoryOnCategoryPage" time="0.0">
    <skipped/>
  </testcase> <!-- verifyUserCanAddNewCategoryOnCategoryPage -->
  <testcase classname="regression.InventoryCategoryTest" name="verifyAddedCategoryIsDisplayedOnCategoryPage" time="0.0">
    <skipped/>
  </testcase> <!-- verifyAddedCategoryIsDisplayedOnCategoryPage -->
  <testcase classname="regression.InventoryCategoryTest" name="verifyUserCanEditExistingCategory" time="0.0">
    <skipped/>
  </testcase> <!-- verifyUserCanEditExistingCategory -->
  <testcase classname="regression.InventoryCategoryTest" name="verifyUpdatedCategoryIsDisplayedOnCategoryPage" time="0.0">
    <skipped/>
  </testcase> <!-- verifyUpdatedCategoryIsDisplayedOnCategoryPage -->
  <testcase classname="regression.InventoryCategoryTest" name="verifyExistingCategoryCanBeDeleted" time="0.0">
    <skipped/>
  </testcase> <!-- verifyExistingCategoryCanBeDeleted -->
  <testcase classname="regression.InventoryCategoryTest" name="verifyDeletedCategoryIsNotDisplayedOnCategoryPage" time="0.0">
    <skipped/>
  </testcase> <!-- verifyDeletedCategoryIsNotDisplayedOnCategoryPage -->
  <testcase classname="regression.InventoryProductsTest" name="verifyUserCanAddNewProduct" time="0.0">
    <skipped/>
  </testcase> <!-- verifyUserCanAddNewProduct -->
  <testcase classname="com.uiFramework.KTCTC.testbase.TestBase" name="@BeforeSuite beforeSuite" time="0.0">
    <ignored/>
  </testcase> <!-- @BeforeSuite beforeSuite -->
  <testcase classname="com.uiFramework.KTCTC.testbase.TestBase" name="@AfterSuite afterSuiteMethod" time="0.0">
    <ignored/>
  </testcase> <!-- @AfterSuite afterSuiteMethod -->
</testsuite> <!-- Test -->
